<?xml version="1.0" encoding="UTF-8"?>
<testng-results skipped="0" failed="0" ignored="0" total="2" passed="2">
  <reporter-output>
  </reporter-output>
  <suite name="Default suite" duration-ms="58904" started-at="2018-04-06T01:41:21Z" finished-at="2018-04-06T01:42:20Z">
    <groups>
    </groups>
    <test name="Default test" duration-ms="58904" started-at="2018-04-06T01:41:21Z" finished-at="2018-04-06T01:42:20Z">
      <class name="com.wwatchers.automation.weightwatchers">
        <test-method status="PASS" signature="openApplication()[pri:0, instance:com.wwatchers.automation.weightwatchers@3ffc5af1]" name="openApplication" is-config="true" duration-ms="44025" started-at="2018-04-05T21:41:21Z" finished-at="2018-04-05T21:42:05Z">
          <reporter-output>
          </reporter-output>
        </test-method> <!-- openApplication -->
        <test-method status="PASS" signature="WeightLossProgram()[pri:0, instance:com.wwatchers.automation.weightwatchers@3ffc5af1]" name="WeightLossProgram" duration-ms="103" started-at="2018-04-05T21:42:05Z" finished-at="2018-04-05T21:42:05Z">
          <reporter-output>
          </reporter-output>
        </test-method> <!-- WeightLossProgram -->
        <test-method status="PASS" signature="FindaMeeting()[pri:1, instance:com.wwatchers.automation.weightwatchers@3ffc5af1]" name="FindaMeeting" duration-ms="14724" started-at="2018-04-05T21:42:05Z" finished-at="2018-04-05T21:42:20Z">
          <reporter-output>
          </reporter-output>
        </test-method> <!-- FindaMeeting -->
      </class> <!-- com.wwatchers.automation.weightwatchers -->
    </test> <!-- Default test -->
  </suite> <!-- Default suite -->
</testng-results>
